<?xml version="1.0" encoding="UTF-8"?>
<!-- Generated by org.testng.reporters.JUnitReportReporter -->
<testsuite hostname="LAPTOP-9N8NEASG" failures="0" tests="3" name="Seleniumexercise.TestNGBasics" time="0.009" errors="0" timestamp="2021-02-20T10:18:29 EST" skipped="0">
  <testcase classname="Seleniumexercise.TestNGBasics" name="googleTitleTest" time="0.006"/>
  <system-out/>
  <testcase classname="Seleniumexercise.TestNGBasics" name="searchTest" time="0.001"/>
  <system-out/>
  <testcase classname="Seleniumexercise.TestNGBasics" name="googlelogoTest" time="0.002"/>
  <system-out/>
</testsuite> <!-- Seleniumexercise.TestNGBasics -->
