<?xml version="1.0" encoding="UTF-8"?>
<!-- Generated by org.testng.reporters.JUnitReportReporter -->
<testsuite hostname="LAPTOP-9N8NEASG" failures="0" tests="3" name="Seleniumexercise.AmazonLgin" time="12.225" errors="0" timestamp="2021-02-15T15:36:27 EST" skipped="0">
  <testcase classname="Seleniumexercise.AmazonLgin" name="Iphone" time="3.756"/>
  <system-out/>
  <testcase classname="Seleniumexercise.AmazonLgin" name="Hp" time="5.589"/>
  <system-out/>
  <testcase classname="Seleniumexercise.AmazonLgin" name="BestSeller" time="2.880"/>
  <system-out/>
</testsuite> <!-- Seleniumexercise.AmazonLgin -->
