<?xml version="1.0" encoding="UTF-8"?>
<!-- Generated by org.testng.reporters.JUnitReportReporter -->
<testsuite hostname="LAPTOP-9N8NEASG" failures="0" tests="2" name="Seleniumexercise.GoogleTitleTest" time="7.255" errors="0" timestamp="2021-02-15T18:35:33 EST" skipped="0">
  <testcase classname="Seleniumexercise.GoogleTitleTest" name="googleTitleTest" time="4.074"/>
  <system-out/>
  <testcase classname="Seleniumexercise.GoogleTitleTest" name="googleLogoTest" time="3.181"/>
  <system-out/>
</testsuite> <!-- Seleniumexercise.GoogleTitleTest -->
